[04:39:22] [main/INFO]: LiteLoader 1.12.2 starting up...
[04:39:22] [main/INFO]: Active Pack: 1.12.2-SNAPSHOT-r4CC2BB0-b4-4
[04:39:22] [main/INFO]: Java reports OS="windows 10"
[04:39:22] [main/INFO]: Adding supported mod class prefix 'LiteMod'
[04:39:22] [main/INFO]: Enumerating class path...
[04:39:22] [main/INFO]: Class path separator=";"
[04:39:22] [main/INFO]: Class path entries=(
   classpathEntry=C:\Users\RailgunHamster\AppData\Roaming\.minecraft\libraries\com\google\code\gson\gson\2.8.0\gson-2.8.0.jar
   classpathEntry=C:\Users\RailgunHamster\AppData\Roaming\.minecraft\libraries\com\google\guava\guava\21.0\guava-21.0.jar
   classpathEntry=C:\Users\RailgunHamster\AppData\Roaming\.minecraft\libraries\com\ibm\icu\icu4j-core-mojang\51.2\icu4j-core-mojang-51.2.jar
   classpathEntry=C:\Users\RailgunHamster\AppData\Roaming\.minecraft\libraries\com\mojang\authlib\1.5.25\authlib-1.5.25.jar
   classpathEntry=C:\Users\RailgunHamster\AppData\Roaming\.minecraft\libraries\com\mojang\patchy\1.1\patchy-1.1.jar
   classpathEntry=C:\Users\RailgunHamster\AppData\Roaming\.minecraft\libraries\com\mojang\realms\1.10.22\realms-1.10.22.jar
   classpathEntry=C:\Users\RailgunHamster\AppData\Roaming\.minecraft\libraries\com\mojang\text2speech\1.10.3\text2speech-1.10.3.jar
   classpathEntry=C:\Users\RailgunHamster\AppData\Roaming\.minecraft\libraries\com\mumfrey\liteloader\1.12.2-20171128.144431-4\liteloader-1.12.2-20171128.144431-4.jar
   classpathEntry=C:\Users\RailgunHamster\AppData\Roaming\.minecraft\libraries\com\paulscode\codecjorbis\20101023\codecjorbis-20101023.jar
   classpathEntry=C:\Users\RailgunHamster\AppData\Roaming\.minecraft\libraries\com\paulscode\codecwav\20101023\codecwav-20101023.jar
   classpathEntry=C:\Users\RailgunHamster\AppData\Roaming\.minecraft\libraries\com\paulscode\libraryjavasound\20101123\libraryjavasound-20101123.jar
   classpathEntry=C:\Users\RailgunHamster\AppData\Roaming\.minecraft\libraries\com\paulscode\librarylwjglopenal\20100824\librarylwjglopenal-20100824.jar
   classpathEntry=C:\Users\RailgunHamster\AppData\Roaming\.minecraft\libraries\com\paulscode\soundsystem\20120107\soundsystem-20120107.jar
   classpathEntry=C:\Users\RailgunHamster\AppData\Roaming\.minecraft\libraries\com\typesafe\akka\akka-actor_2.11\2.3.3\akka-actor_2.11-2.3.3.jar
   classpathEntry=C:\Users\RailgunHamster\AppData\Roaming\.minecraft\libraries\com\typesafe\config\1.2.1\config-1.2.1.jar
   classpathEntry=C:\Users\RailgunHamster\AppData\Roaming\.minecraft\libraries\commons-codec\commons-codec\1.10\commons-codec-1.10.jar
   classpathEntry=C:\Users\RailgunHamster\AppData\Roaming\.minecraft\libraries\commons-io\commons-io\2.5\commons-io-2.5.jar
   classpathEntry=C:\Users\RailgunHamster\AppData\Roaming\.minecraft\libraries\commons-logging\commons-logging\1.1.3\commons-logging-1.1.3.jar
   classpathEntry=C:\Users\RailgunHamster\AppData\Roaming\.minecraft\libraries\io\netty\netty-all\4.1.9.Final\netty-all-4.1.9.Final.jar
   classpathEntry=C:\Users\RailgunHamster\AppData\Roaming\.minecraft\libraries\it\unimi\dsi\fastutil\7.1.0\fastutil-7.1.0.jar
   classpathEntry=C:\Users\RailgunHamster\AppData\Roaming\.minecraft\libraries\java3d\vecmath\1.5.2\vecmath-1.5.2.jar
   classpathEntry=C:\Users\RailgunHamster\AppData\Roaming\.minecraft\libraries\lzma\lzma\0.0.1\lzma-0.0.1.jar
   classpathEntry=C:\Users\RailgunHamster\AppData\Roaming\.minecraft\libraries\net\java\dev\jna\jna\4.4.0\jna-4.4.0.jar
   classpathEntry=C:\Users\RailgunHamster\AppData\Roaming\.minecraft\libraries\net\java\dev\jna\platform\3.4.0\platform-3.4.0.jar
   classpathEntry=C:\Users\RailgunHamster\AppData\Roaming\.minecraft\libraries\net\java\jinput\jinput\2.0.5\jinput-2.0.5.jar
   classpathEntry=C:\Users\RailgunHamster\AppData\Roaming\.minecraft\libraries\net\java\jutils\jutils\1.0.0\jutils-1.0.0.jar
   classpathEntry=C:\Users\RailgunHamster\AppData\Roaming\.minecraft\libraries\net\minecraft\launchwrapper\1.12\launchwrapper-1.12.jar
   classpathEntry=C:\Users\RailgunHamster\AppData\Roaming\.minecraft\libraries\net\minecraftforge\forge\1.12.2-14.23.4.2739\forge-1.12.2-14.23.4.2739.jar
   classpathEntry=C:\Users\RailgunHamster\AppData\Roaming\.minecraft\libraries\net\optifine\optifine\1.12.2-HD_U_E1\optifine-1.12.2-HD_U_E1.jar
   classpathEntry=C:\Users\RailgunHamster\AppData\Roaming\.minecraft\libraries\net\sf\jopt-simple\jopt-simple\5.0.3\jopt-simple-5.0.3.jar
   classpathEntry=C:\Users\RailgunHamster\AppData\Roaming\.minecraft\libraries\net\sf\trove4j\trove4j\3.0.3\trove4j-3.0.3.jar
   classpathEntry=C:\Users\RailgunHamster\AppData\Roaming\.minecraft\libraries\org\apache\commons\commons-compress\1.8.1\commons-compress-1.8.1.jar
   classpathEntry=C:\Users\RailgunHamster\AppData\Roaming\.minecraft\libraries\org\apache\commons\commons-lang3\3.5\commons-lang3-3.5.jar
   classpathEntry=C:\Users\RailgunHamster\AppData\Roaming\.minecraft\libraries\org\apache\httpcomponents\httpclient\4.3.3\httpclient-4.3.3.jar
   classpathEntry=C:\Users\RailgunHamster\AppData\Roaming\.minecraft\libraries\org\apache\httpcomponents\httpcore\4.3.2\httpcore-4.3.2.jar
   classpathEntry=C:\Users\RailgunHamster\AppData\Roaming\.minecraft\libraries\org\apache\logging\log4j\log4j-api\2.8.1\log4j-api-2.8.1.jar
   classpathEntry=C:\Users\RailgunHamster\AppData\Roaming\.minecraft\libraries\org\apache\logging\log4j\log4j-core\2.8.1\log4j-core-2.8.1.jar
   classpathEntry=C:\Users\RailgunHamster\AppData\Roaming\.minecraft\libraries\org\apache\maven\maven-artifact\3.5.3\maven-artifact-3.5.3.jar
   classpathEntry=C:\Users\RailgunHamster\AppData\Roaming\.minecraft\libraries\org\jline\jline\3.5.1\jline-3.5.1.jar
   classpathEntry=C:\Users\RailgunHamster\AppData\Roaming\.minecraft\libraries\org\lwjgl\lwjgl\lwjgl\2.9.4-nightly-20150209\lwjgl-2.9.4-nightly-20150209.jar
   classpathEntry=C:\Users\RailgunHamster\AppData\Roaming\.minecraft\libraries\org\lwjgl\lwjgl\lwjgl_util\2.9.4-nightly-20150209\lwjgl_util-2.9.4-nightly-20150209.jar
   classpathEntry=C:\Users\RailgunHamster\AppData\Roaming\.minecraft\libraries\org\ow2\asm\asm-all\5.2\asm-all-5.2.jar
   classpathEntry=C:\Users\RailgunHamster\AppData\Roaming\.minecraft\libraries\org\scala-lang\plugins\scala-continuations-library_2.11\1.0.2\scala-continuations-library_2.11-1.0.2.jar
   classpathEntry=C:\Users\RailgunHamster\AppData\Roaming\.minecraft\libraries\org\scala-lang\plugins\scala-continuations-plugin_2.11.1\1.0.2\scala-continuations-plugin_2.11.1-1.0.2.jar
   classpathEntry=C:\Users\RailgunHamster\AppData\Roaming\.minecraft\libraries\org\scala-lang\scala-actors-migration_2.11\1.1.0\scala-actors-migration_2.11-1.1.0.jar
   classpathEntry=C:\Users\RailgunHamster\AppData\Roaming\.minecraft\libraries\org\scala-lang\scala-compiler\2.11.1\scala-compiler-2.11.1.jar
   classpathEntry=C:\Users\RailgunHamster\AppData\Roaming\.minecraft\libraries\org\scala-lang\scala-library\2.11.1\scala-library-2.11.1.jar
   classpathEntry=C:\Users\RailgunHamster\AppData\Roaming\.minecraft\libraries\org\scala-lang\scala-parser-combinators_2.11\1.0.1\scala-parser-combinators_2.11-1.0.1.jar
   classpathEntry=C:\Users\RailgunHamster\AppData\Roaming\.minecraft\libraries\org\scala-lang\scala-reflect\2.11.1\scala-reflect-2.11.1.jar
   classpathEntry=C:\Users\RailgunHamster\AppData\Roaming\.minecraft\libraries\org\scala-lang\scala-swing_2.11\1.0.1\scala-swing_2.11-1.0.1.jar
   classpathEntry=C:\Users\RailgunHamster\AppData\Roaming\.minecraft\libraries\org\scala-lang\scala-xml_2.11\1.0.2\scala-xml_2.11-1.0.2.jar
   classpathEntry=C:\Users\RailgunHamster\AppData\Roaming\.minecraft\libraries\oshi-project\oshi-core\1.1\oshi-core-1.1.jar
   classpathEntry=D:\game\mc\MineCraft\.minecraft\versions\科技魔法\科技魔法.jar
)
[04:39:22] [main/INFO]: Registering discovery module EnumeratorModuleClassPath: [<Java Class Path>]
[04:39:22] [main/INFO]: Registering discovery module EnumeratorModuleFolder: [D:\game\mc\MineCraft\.minecraft\mods]
[04:39:22] [main/INFO]: Registering discovery module EnumeratorModuleFolder: [D:\game\mc\MineCraft\.minecraft\mods\1.12.2]
[04:39:22] [main/INFO]: Registering enumerator plugin DefaultEnumeratorPlugin: [com.mumfrey.liteloader.core.api.DefaultEnumeratorPlugin@4a951911]
[04:39:22] [main/INFO]: Discovering valid mod files in folder D:\game\mc\MineCraft\.minecraft\mods
[04:39:22] [main/INFO]: Inspecting jar metadata in 'Advanced+Solar+Panels-4.2.0.jar'
[04:39:22] [main/INFO]: Ignoring D:\game\mc\MineCraft\.minecraft\mods\Advanced+Solar+Panels-4.2.0.jar
[04:39:22] [main/INFO]: Inspecting jar metadata in 'Baubles-1.12-1.5.2.jar'
[04:39:22] [main/INFO]: Ignoring D:\game\mc\MineCraft\.minecraft\mods\Baubles-1.12-1.5.2.jar
[04:39:22] [main/INFO]: Inspecting jar metadata in 'Botania r1.10-354.jar'
[04:39:22] [main/INFO]: Ignoring D:\game\mc\MineCraft\.minecraft\mods\Botania r1.10-354.jar
[04:39:22] [main/INFO]: Inspecting jar metadata in 'buildcraft-7.99.17.jar'
[04:39:22] [main/INFO]: Ignoring D:\game\mc\MineCraft\.minecraft\mods\buildcraft-7.99.17.jar
[04:39:22] [main/INFO]: Inspecting jar metadata in 'buildcraft-compat-7.99.14.jar'
[04:39:22] [main/INFO]: Ignoring D:\game\mc\MineCraft\.minecraft\mods\buildcraft-compat-7.99.14.jar
[04:39:22] [main/INFO]: Inspecting jar metadata in 'CodeChickenLib-1.12.2.jar'
[04:39:22] [main/INFO]: Ignoring D:\game\mc\MineCraft\.minecraft\mods\CodeChickenLib-1.12.2.jar
[04:39:22] [main/INFO]: Inspecting jar metadata in 'coroutil-1.12.1-1.2.11.jar'
[04:39:22] [main/INFO]: Ignoring D:\game\mc\MineCraft\.minecraft\mods\coroutil-1.12.1-1.2.11.jar
[04:39:22] [main/INFO]: Inspecting jar metadata in 'forestry_1.12.2-5.8.0.311.jar'
[04:39:22] [main/INFO]: Ignoring D:\game\mc\MineCraft\.minecraft\mods\forestry_1.12.2-5.8.0.311.jar
[04:39:22] [main/INFO]: Inspecting jar metadata in 'Forgelin-1.7.4.jar'
[04:39:22] [main/INFO]: Ignoring D:\game\mc\MineCraft\.minecraft\mods\Forgelin-1.7.4.jar
[04:39:22] [main/INFO]: Inspecting jar metadata in 'gokiStats-1.2.5.1.jar'
[04:39:22] [main/INFO]: Ignoring D:\game\mc\MineCraft\.minecraft\mods\gokiStats-1.2.5.1.jar
[04:39:22] [main/INFO]: Inspecting jar metadata in 'Hwyla-1.8.26-B41_1.12.2.jar'
[04:39:22] [main/INFO]: Ignoring D:\game\mc\MineCraft\.minecraft\mods\Hwyla-1.8.26-B41_1.12.2.jar
[04:39:22] [main/INFO]: Inspecting jar metadata in 'industrialcraft-2-2.8.90-ex112.jar'
[04:39:22] [main/INFO]: Ignoring D:\game\mc\MineCraft\.minecraft\mods\industrialcraft-2-2.8.90-ex112.jar
[04:39:22] [main/INFO]: Inspecting jar metadata in 'industrialforegoing-1.12.2-1.10.3-181.jar'
[04:39:22] [main/INFO]: Ignoring D:\game\mc\MineCraft\.minecraft\mods\industrialforegoing-1.12.2-1.10.3-181.jar
[04:39:22] [main/INFO]: Inspecting jar metadata in 'InfernalMobs-1.12.2.jar'
[04:39:22] [main/INFO]: Ignoring D:\game\mc\MineCraft\.minecraft\mods\InfernalMobs-1.12.2.jar
[04:39:22] [main/INFO]: Inspecting jar metadata in 'jei_1.12.2-4.11.0.202.jar'
[04:39:22] [main/INFO]: Ignoring D:\game\mc\MineCraft\.minecraft\mods\jei_1.12.2-4.11.0.202.jar
[04:39:22] [main/INFO]: Inspecting jar metadata in 'JurassiCraft-1.12.2-2.1.5.jar'
[04:39:22] [main/INFO]: Ignoring D:\game\mc\MineCraft\.minecraft\mods\JurassiCraft-1.12.2-2.1.5.jar
[04:39:22] [main/INFO]: Inspecting jar metadata in 'llibrary-1.7.14-1.12.2.jar'
[04:39:22] [main/INFO]: Ignoring D:\game\mc\MineCraft\.minecraft\mods\llibrary-1.7.14-1.12.2.jar
[04:39:22] [main/INFO]: Inspecting jar metadata in 'Mantle-1.12-1.3.2.24.jar'
[04:39:22] [main/INFO]: Ignoring D:\game\mc\MineCraft\.minecraft\mods\Mantle-1.12-1.3.2.24.jar
[04:39:22] [main/INFO]: Inspecting jar metadata in 'Not-Enough-Items-1.12.2-Recommended.jar'
[04:39:22] [main/INFO]: Ignoring D:\game\mc\MineCraft\.minecraft\mods\Not-Enough-Items-1.12.2-Recommended.jar
[04:39:22] [main/INFO]: Inspecting jar metadata in 'Pam's+HarvestCraft+1.12.2y.jar'
[04:39:22] [main/INFO]: Ignoring D:\game\mc\MineCraft\.minecraft\mods\Pam's+HarvestCraft+1.12.2y.jar
[04:39:22] [main/INFO]: Inspecting jar metadata in 'SlashBlade-mc1.12-r15.jar'
[04:39:22] [main/INFO]: Ignoring D:\game\mc\MineCraft\.minecraft\mods\SlashBlade-mc1.12-r15.jar
[04:39:22] [main/INFO]: Inspecting jar metadata in 'TConstruct-1.12.2-2.10.1.87.jar'
[04:39:22] [main/INFO]: Ignoring D:\game\mc\MineCraft\.minecraft\mods\TConstruct-1.12.2-2.10.1.87.jar
[04:39:22] [main/INFO]: Inspecting jar metadata in 'tesla-core-lib-1.12.2-1.0.15.jar'
[04:39:22] [main/INFO]: Ignoring D:\game\mc\MineCraft\.minecraft\mods\tesla-core-lib-1.12.2-1.0.15.jar
[04:39:22] [main/INFO]: Inspecting jar metadata in 'YarrCuteMobModelsRemake-1.0.16-1.12.0.jar'
[04:39:22] [main/INFO]: Ignoring D:\game\mc\MineCraft\.minecraft\mods\YarrCuteMobModelsRemake-1.0.16-1.12.0.jar
[04:39:22] [main/INFO]: Inspecting jar metadata in 'zombieawareness-1.12.1-1.11.14.jar'
[04:39:22] [main/INFO]: Ignoring D:\game\mc\MineCraft\.minecraft\mods\zombieawareness-1.12.1-1.11.14.jar
[04:39:22] [main/INFO]: Inspecting jar metadata in '[1.12]UncraftingTable-1.8-beta6.jar'
[04:39:22] [main/INFO]: Ignoring D:\game\mc\MineCraft\.minecraft\mods\[1.12]UncraftingTable-1.8-beta6.jar
[04:39:22] [main/INFO]: Discovering valid mod files in folder D:\game\mc\MineCraft\.minecraft\mods\1.12.2
[04:39:22] [main/INFO]: Discovering tweaks on class path...
[04:39:22] [main/INFO]: Baking listener list for EnumerationObserver with 1 listeners
[04:39:22] [main/INFO]: Registering discovered mod files in folder D:\game\mc\MineCraft\.minecraft\mods
[04:39:22] [main/INFO]: Registering discovered mod files in folder D:\game\mc\MineCraft\.minecraft\mods\1.12.2
[04:39:22] [main/INFO]: Initialising LiteLoader Mixins
[04:39:22] [main/INFO]: LiteLoader PREINIT complete
[04:39:25] [main/INFO]: FML detected, switching to searge mappings
[04:40:20] [main/INFO]: JInput Component Registry is initialising...
[04:40:21] [main/INFO]: Inspecting Keyboard controller HID Keyboard Device on Unknown...
[04:40:21] [main/INFO]: Inspecting Keyboard controller Razer DeathAdder 1800 on Unknown...
[04:40:21] [main/INFO]: Inspecting Mouse controller Razer DeathAdder 1800 on Unknown...
[04:40:21] [main/INFO]: Inspecting Keyboard controller PS/2 ±ê׼¼ü on Unknown...
[04:40:21] [main/INFO]: Inspecting Mouse controller Touchpad on Unknown...
[04:40:21] [main/INFO]: Inspecting Unknown controller Razer DeathAdder 1800 on Unknown...
[04:40:21] [main/INFO]: Inspecting Unknown controller Razer DeathAdder 1800 on Unknown...
[04:40:21] [main/INFO]: Inspecting Unknown controller Airplane Mode Switch on Unknown...
[04:40:21] [main/INFO]: Inspecting Unknown controller Razer DeathAdder 1800 on Unknown...
[04:40:21] [main/INFO]: Inspecting Unknown controller Razer DeathAdder 1800 on Unknown...
[04:40:21] [main/INFO]: JInput Component Registry initialised, found 10 controller(s) 395 component(s)
[04:40:21] [main/INFO]: LiteLoader begin INIT...
[04:40:21] [main/INFO]: Baking listener list for CoreProvider with 2 listeners
[04:40:21] [main/INFO]: Injecting external mods into class path...
[04:40:21] [main/INFO]: Injecting external mods into class path...
[04:40:21] [main/INFO]: Discovering mods on class path...
[04:40:21] [main/INFO]: Searching C:\Users\RailgunHamster\AppData\Roaming\.minecraft\libraries\com\google\code\gson\gson\2.8.0\gson-2.8.0.jar...
[04:40:21] [main/INFO]: Searching C:\Users\RailgunHamster\AppData\Roaming\.minecraft\libraries\com\google\guava\guava\21.0\guava-21.0.jar...
[04:40:21] [main/INFO]: Searching C:\Users\RailgunHamster\AppData\Roaming\.minecraft\libraries\com\ibm\icu\icu4j-core-mojang\51.2\icu4j-core-mojang-51.2.jar...
[04:40:21] [main/INFO]: Searching C:\Users\RailgunHamster\AppData\Roaming\.minecraft\libraries\com\mojang\authlib\1.5.25\authlib-1.5.25.jar...
[04:40:21] [main/INFO]: Searching C:\Users\RailgunHamster\AppData\Roaming\.minecraft\libraries\com\mojang\patchy\1.1\patchy-1.1.jar...
[04:40:21] [main/INFO]: Searching C:\Users\RailgunHamster\AppData\Roaming\.minecraft\libraries\com\mojang\realms\1.10.22\realms-1.10.22.jar...
[04:40:21] [main/INFO]: Searching C:\Users\RailgunHamster\AppData\Roaming\.minecraft\libraries\com\mojang\text2speech\1.10.3\text2speech-1.10.3.jar...
[04:40:21] [main/INFO]: Searching C:\Users\RailgunHamster\AppData\Roaming\.minecraft\libraries\com\mumfrey\liteloader\1.12.2-20171128.144431-4\liteloader-1.12.2-20171128.144431-4.jar...
[04:40:21] [main/INFO]: Searching C:\Users\RailgunHamster\AppData\Roaming\.minecraft\libraries\com\paulscode\codecjorbis\20101023\codecjorbis-20101023.jar...
[04:40:21] [main/INFO]: Searching C:\Users\RailgunHamster\AppData\Roaming\.minecraft\libraries\com\paulscode\codecwav\20101023\codecwav-20101023.jar...
[04:40:21] [main/INFO]: Searching C:\Users\RailgunHamster\AppData\Roaming\.minecraft\libraries\com\paulscode\libraryjavasound\20101123\libraryjavasound-20101123.jar...
[04:40:21] [main/INFO]: Searching C:\Users\RailgunHamster\AppData\Roaming\.minecraft\libraries\com\paulscode\librarylwjglopenal\20100824\librarylwjglopenal-20100824.jar...
[04:40:21] [main/INFO]: Searching C:\Users\RailgunHamster\AppData\Roaming\.minecraft\libraries\com\paulscode\soundsystem\20120107\soundsystem-20120107.jar...
[04:40:21] [main/INFO]: Searching C:\Users\RailgunHamster\AppData\Roaming\.minecraft\libraries\com\typesafe\akka\akka-actor_2.11\2.3.3\akka-actor_2.11-2.3.3.jar...
[04:40:21] [main/INFO]: Searching C:\Users\RailgunHamster\AppData\Roaming\.minecraft\libraries\com\typesafe\config\1.2.1\config-1.2.1.jar...
[04:40:21] [main/INFO]: Searching C:\Users\RailgunHamster\AppData\Roaming\.minecraft\libraries\commons-codec\commons-codec\1.10\commons-codec-1.10.jar...
[04:40:21] [main/INFO]: Searching C:\Users\RailgunHamster\AppData\Roaming\.minecraft\libraries\commons-io\commons-io\2.5\commons-io-2.5.jar...
[04:40:21] [main/INFO]: Searching C:\Users\RailgunHamster\AppData\Roaming\.minecraft\libraries\commons-logging\commons-logging\1.1.3\commons-logging-1.1.3.jar...
[04:40:21] [main/INFO]: Searching C:\Users\RailgunHamster\AppData\Roaming\.minecraft\libraries\io\netty\netty-all\4.1.9.Final\netty-all-4.1.9.Final.jar...
[04:40:21] [main/INFO]: Searching C:\Users\RailgunHamster\AppData\Roaming\.minecraft\libraries\it\unimi\dsi\fastutil\7.1.0\fastutil-7.1.0.jar...
[04:40:21] [main/INFO]: Searching C:\Users\RailgunHamster\AppData\Roaming\.minecraft\libraries\java3d\vecmath\1.5.2\vecmath-1.5.2.jar...
[04:40:21] [main/INFO]: Searching C:\Users\RailgunHamster\AppData\Roaming\.minecraft\libraries\lzma\lzma\0.0.1\lzma-0.0.1.jar...
[04:40:21] [main/INFO]: Searching C:\Users\RailgunHamster\AppData\Roaming\.minecraft\libraries\net\java\dev\jna\jna\4.4.0\jna-4.4.0.jar...
[04:40:21] [main/INFO]: Searching C:\Users\RailgunHamster\AppData\Roaming\.minecraft\libraries\net\java\dev\jna\platform\3.4.0\platform-3.4.0.jar...
[04:40:21] [main/INFO]: Searching C:\Users\RailgunHamster\AppData\Roaming\.minecraft\libraries\net\java\jinput\jinput\2.0.5\jinput-2.0.5.jar...
[04:40:21] [main/INFO]: Searching C:\Users\RailgunHamster\AppData\Roaming\.minecraft\libraries\net\java\jutils\jutils\1.0.0\jutils-1.0.0.jar...
[04:40:21] [main/INFO]: Searching C:\Users\RailgunHamster\AppData\Roaming\.minecraft\libraries\net\minecraft\launchwrapper\1.12\launchwrapper-1.12.jar...
[04:40:21] [main/INFO]: Searching C:\Users\RailgunHamster\AppData\Roaming\.minecraft\libraries\net\minecraftforge\forge\1.12.2-14.23.4.2739\forge-1.12.2-14.23.4.2739.jar...
[04:40:21] [main/INFO]: Searching C:\Users\RailgunHamster\AppData\Roaming\.minecraft\libraries\net\optifine\optifine\1.12.2-HD_U_E1\optifine-1.12.2-HD_U_E1.jar...
[04:40:21] [main/INFO]: Searching C:\Users\RailgunHamster\AppData\Roaming\.minecraft\libraries\net\sf\jopt-simple\jopt-simple\5.0.3\jopt-simple-5.0.3.jar...
[04:40:21] [main/INFO]: Searching C:\Users\RailgunHamster\AppData\Roaming\.minecraft\libraries\net\sf\trove4j\trove4j\3.0.3\trove4j-3.0.3.jar...
[04:40:21] [main/INFO]: Searching C:\Users\RailgunHamster\AppData\Roaming\.minecraft\libraries\org\apache\commons\commons-compress\1.8.1\commons-compress-1.8.1.jar...
[04:40:21] [main/INFO]: Searching C:\Users\RailgunHamster\AppData\Roaming\.minecraft\libraries\org\apache\commons\commons-lang3\3.5\commons-lang3-3.5.jar...
[04:40:21] [main/INFO]: Searching C:\Users\RailgunHamster\AppData\Roaming\.minecraft\libraries\org\apache\httpcomponents\httpclient\4.3.3\httpclient-4.3.3.jar...
[04:40:21] [main/INFO]: Searching C:\Users\RailgunHamster\AppData\Roaming\.minecraft\libraries\org\apache\httpcomponents\httpcore\4.3.2\httpcore-4.3.2.jar...
[04:40:21] [main/INFO]: Searching C:\Users\RailgunHamster\AppData\Roaming\.minecraft\libraries\org\apache\logging\log4j\log4j-api\2.8.1\log4j-api-2.8.1.jar...
[04:40:21] [main/INFO]: Searching C:\Users\RailgunHamster\AppData\Roaming\.minecraft\libraries\org\apache\logging\log4j\log4j-core\2.8.1\log4j-core-2.8.1.jar...
[04:40:21] [main/INFO]: Searching C:\Users\RailgunHamster\AppData\Roaming\.minecraft\libraries\org\apache\maven\maven-artifact\3.5.3\maven-artifact-3.5.3.jar...
[04:40:21] [main/INFO]: Searching C:\Users\RailgunHamster\AppData\Roaming\.minecraft\libraries\org\jline\jline\3.5.1\jline-3.5.1.jar...
[04:40:21] [main/INFO]: Searching C:\Users\RailgunHamster\AppData\Roaming\.minecraft\libraries\org\lwjgl\lwjgl\lwjgl\2.9.4-nightly-20150209\lwjgl-2.9.4-nightly-20150209.jar...
[04:40:21] [main/INFO]: Searching C:\Users\RailgunHamster\AppData\Roaming\.minecraft\libraries\org\lwjgl\lwjgl\lwjgl_util\2.9.4-nightly-20150209\lwjgl_util-2.9.4-nightly-20150209.jar...
[04:40:21] [main/INFO]: Searching C:\Users\RailgunHamster\AppData\Roaming\.minecraft\libraries\org\ow2\asm\asm-all\5.2\asm-all-5.2.jar...
[04:40:21] [main/INFO]: Searching C:\Users\RailgunHamster\AppData\Roaming\.minecraft\libraries\org\scala-lang\plugins\scala-continuations-library_2.11\1.0.2\scala-continuations-library_2.11-1.0.2.jar...
[04:40:21] [main/INFO]: Searching C:\Users\RailgunHamster\AppData\Roaming\.minecraft\libraries\org\scala-lang\plugins\scala-continuations-plugin_2.11.1\1.0.2\scala-continuations-plugin_2.11.1-1.0.2.jar...
[04:40:21] [main/INFO]: Searching C:\Users\RailgunHamster\AppData\Roaming\.minecraft\libraries\org\scala-lang\scala-actors-migration_2.11\1.1.0\scala-actors-migration_2.11-1.1.0.jar...
[04:40:21] [main/INFO]: Searching C:\Users\RailgunHamster\AppData\Roaming\.minecraft\libraries\org\scala-lang\scala-compiler\2.11.1\scala-compiler-2.11.1.jar...
[04:40:21] [main/INFO]: Searching C:\Users\RailgunHamster\AppData\Roaming\.minecraft\libraries\org\scala-lang\scala-library\2.11.1\scala-library-2.11.1.jar...
[04:40:21] [main/INFO]: Searching C:\Users\RailgunHamster\AppData\Roaming\.minecraft\libraries\org\scala-lang\scala-parser-combinators_2.11\1.0.1\scala-parser-combinators_2.11-1.0.1.jar...
[04:40:21] [main/INFO]: Searching C:\Users\RailgunHamster\AppData\Roaming\.minecraft\libraries\org\scala-lang\scala-reflect\2.11.1\scala-reflect-2.11.1.jar...
[04:40:21] [main/INFO]: Searching C:\Users\RailgunHamster\AppData\Roaming\.minecraft\libraries\org\scala-lang\scala-swing_2.11\1.0.1\scala-swing_2.11-1.0.1.jar...
[04:40:21] [main/INFO]: Searching C:\Users\RailgunHamster\AppData\Roaming\.minecraft\libraries\org\scala-lang\scala-xml_2.11\1.0.2\scala-xml_2.11-1.0.2.jar...
[04:40:21] [main/INFO]: Searching C:\Users\RailgunHamster\AppData\Roaming\.minecraft\libraries\oshi-project\oshi-core\1.1\oshi-core-1.1.jar...
[04:40:21] [main/INFO]: Searching D:\game\mc\MineCraft\.minecraft\versions\科技魔法\科技魔法.jar...
[04:40:21] [main/INFO]: Discovering mods in valid mod files...
[04:40:21] [main/INFO]: Discovering mods in valid mod files...
[04:40:21] [main/INFO]: Mod class discovery completed
[04:40:21] [main/INFO]: LiteLoader begin POSTINIT...
[04:40:21] [main/INFO]: Inhibiting sound handler reload
[04:40:21] [main/INFO]: Registering interface provider com.mumfrey.liteloader.client.LiteLoaderEventBrokerClient for API LiteLoader core API
[04:40:21] [main/INFO]: Registering interface provider com.mumfrey.liteloader.client.PacketEventsClient for API LiteLoader core API
[04:40:21] [main/INFO]: Registering interface provider com.mumfrey.liteloader.client.ClientPluginChannelsClient for API LiteLoader core API
[04:40:21] [main/INFO]: Registering interface provider com.mumfrey.liteloader.core.ServerPluginChannels for API LiteLoader core API
[04:40:21] [main/INFO]: Registering interface provider com.mumfrey.liteloader.messaging.MessageBus for API LiteLoader core API
[04:40:21] [main/INFO]: Discovered 0 total mod(s), injected 0 tweak(s)
[04:40:21] [main/INFO]: No mod classes were found. Not loading any mods.
[04:40:57] [main/INFO]: Baking listener list for ViewportListener with 0 listeners
[04:40:57] [main/INFO]: Sound handler reload inhibit removed
[04:40:57] [main/INFO]: Reloading sound handler
[04:40:58] [main/INFO]: Baking listener list for GameLoopListener with 0 listeners
[04:40:58] [main/INFO]: Baking listener list for RenderListener with 0 listeners
[04:40:58] [main/INFO]: Baking listener list for TickObserver with 3 listeners
[04:40:58] [main/INFO]: Baking listener list for PostRenderObserver with 3 listeners
[04:40:58] [main/INFO]: Baking listener list for Tickable with 0 listeners
[04:40:58] [main/INFO]: Baking listener list for FrameBufferListener with 0 listeners
[04:46:06] [main/INFO]: Baking listener list for ServerCommandProvider with 0 listeners
[04:46:12] [Server thread/INFO]: Baking listener list for IEventState with 0 listeners
[04:46:12] [Server thread/INFO]: Baking listener list for ServerTickable with 0 listeners
[04:46:14] [Netty Server IO #1/INFO]: Generating new Event Handler Proxy Class com.mumfrey.liteloader.core.event.EventProxy
[04:46:14] [Netty Server IO #1/INFO]: Successfully generated event handler proxy class with 124 handlers(s) and 124 total invocations
[04:46:14] [Netty Local Client IO #0/INFO]: Baking listener list for PostLoginListener with 0 listeners
[04:46:14] [Server thread/INFO]: Baking listener list for ServerPlayerListener with 0 listeners
[04:46:15] [Server thread/INFO]: Baking listener list for IEventState with 1 listeners
[04:46:15] [main/INFO]: Baking listener list for PreJoinGameListener with 0 listeners
[04:46:17] [main/INFO]: Baking listener list for JoinGameListener with 0 listeners
[04:46:18] [main/INFO]: Baking listener list for PreRenderListener with 0 listeners
[04:46:18] [main/INFO]: Baking listener list for PostRenderListener with 0 listeners
[04:46:18] [main/INFO]: Baking listener list for HUDRenderListener with 0 listeners
[04:46:18] [main/INFO]: Baking listener list for WorldObserver with 2 listeners
[04:46:18] [Server thread/INFO]: Baking listener list for PlayerMoveListener with 0 listeners
[04:47:22] [main/INFO]: Baking listener list for EntityRenderListener with 0 listeners
[04:47:44] [Server thread/INFO]: Baking listener list for IEventState with 0 listeners
[04:47:44] [Server thread/INFO]: Baking listener list for IEventState with 1 listeners
[04:48:56] [main/INFO]: Baking listener list for PlayerClickListener with 0 listeners
[04:48:57] [Server thread/INFO]: Baking listener list for PlayerInteractionListener with 0 listeners
[04:49:13] [main/INFO]: Baking listener list for OutboundChatFilter with 0 listeners
[04:49:13] [Server thread/INFO]: Baking listener list for ServerChatFilter with 0 listeners
[04:49:13] [main/INFO]: Baking listener list for ChatListener with 0 listeners
[04:54:20] [Server thread/INFO]: Baking listener list for IEventState with 0 listeners
[04:54:20] [Server thread/INFO]: Baking listener list for IEventState with 1 listeners
[05:16:44] [main/INFO]: LiteLoader is shutting down, shutting down core providers and syncing configuration
[05:16:44] [main/INFO]: Baking listener list for ShutdownObserver with 3 listeners
