[06:07:19] [main/INFO]: Loaded 413 advancements
[06:07:25] [main/INFO]: Loaded 415 advancements
[07:16:12] [main/INFO]: Updating ingredient filter...
[07:16:12] [main/INFO]: Updated  ingredient filter in 0 ms
[07:16:12] [Server thread/INFO]: [RailgunHamster: 成功将[小撮金粉]*1给予RailgunHamster]
[07:16:12] [main/INFO]: [CHAT] 成功将[小撮金粉]*1给予RailgunHamster
[07:16:20] [Server thread/INFO]: [RailgunHamster: 成功将[煤粉]*1给予RailgunHamster]
[07:16:20] [main/INFO]: [CHAT] 成功将[煤粉]*1给予RailgunHamster
[07:16:24] [main/INFO]: Updating ingredient filter...
[07:16:24] [main/INFO]: Updated  ingredient filter in 0 ms
[07:48:41] [main/WARN]: Received passengers for unknown entity
[07:49:47] [main/WARN]: Received passengers for unknown entity
[07:51:26] [main/WARN]: Received passengers for unknown entity
[13:53:36] [main/INFO]: Updating ingredient filter...
[13:53:36] [main/INFO]: Updated  ingredient filter in 0 ms
[13:53:37] [Server thread/INFO]: [RailgunHamster: 成功将[钻石]*1给予RailgunHamster]
[13:53:37] [main/INFO]: [CHAT] 成功将[钻石]*1给予RailgunHamster
[13:53:40] [main/INFO]: Updating ingredient filter...
[13:53:40] [main/INFO]: Updated  ingredient filter in 0 ms
[14:56:53] [Server thread/INFO]: RailgunHamster lost connection: 连接中止
[14:56:53] [Server thread/INFO]: RailgunHamster退出了游戏
[14:56:53] [Server thread/INFO]: Stopping singleplayer server as player logged out
[14:56:53] [Server thread/INFO]: Stopping server
[14:56:53] [Server thread/INFO]: Saving players
[14:56:53] [Server thread/INFO]: Saving worlds
[14:56:53] [Server thread/INFO]: Saving chunks for level '魔法生存'/overworld
[14:56:53] [Server thread/INFO]: Unloading dimension 0
[14:56:54] [Server thread/INFO]: Applying holder lookups
[14:56:54] [Server thread/INFO]: Holder lookups applied
